Capturing execution frames: apply_animation.json
  [Console-error] Failed to load resource: the server responded with a status of 404 (Not Found)
  [Console-error] Failed to load resource: the server responded with a status of 404 (Not Found)
  [Console-error] Failed to load resource: the server responded with a status of 404 (Not Found)
  [Console-error] Failed to load resource: the server responded with a status of 404 (Not Found)
  [Console-error] Failed to load resource: the server responded with a status of 404 (Not Found)
  [Console-warning] WARNING: Multiple instances of Three.js being imported.
  [Console-warning] [MaskEditor] ComfyApp.open_maskeditor is deprecated. Plugins should migrate to using the command system or direct node context menu integration.
  [ComfyUI] Feature flags negotiated for client 0e8843c20d9c4315b154f95379bd04f1: {'supports_preview_metadata': True, 'supports_manager_v4_ui': True}
  [Console-error] Failed to load resource: the server responded with a status of 403 (Forbidden)
  [Console-error] Error loading model: zy: fetch for "http://127.0.0.1:8188/api/view?type=output&subfolder=%2Fhome%2Fubuntu%2Funirig%2FComfyUI%2Foutput&filename=rigged_human_mixamo_Breakdance.fbx" responded with 403: Forbidden
    at http://127.0.0.1:8188/assets/vendor-three-DH0o8VQ7.js:3824:114758
  [Console-warning] [.WebGL-0x68fc04b26200]GL Driver Message (OpenGL, Performance, GL_CLOSE_PATH_NV, High): GPU stall due to ReadPixels
  [Console-error] Failed to load resource: the server responded with a status of 403 (Forbidden)
  [Console-error] Error loading model: zy: fetch for "http://127.0.0.1:8188/api/view?type=output&subfolder=%2Fhome%2Fubuntu%2Funirig%2FComfyUI%2Foutput&filename=rigged_human_mixamo_Breakdance.fbx" responded with 403: Forbidden
    at http://127.0.0.1:8188/assets/vendor-three-DH0o8VQ7.js:3824:114758
  [Console-warning] [.WebGL-0x68fc04b26200]GL Driver Message (OpenGL, Performance, GL_CLOSE_PATH_NV, High): GPU stall due to ReadPixels
  [Console-warning] [.WebGL-0x68fc04b26200]GL Driver Message (OpenGL, Performance, GL_CLOSE_PATH_NV, High): GPU stall due to ReadPixels
  Validating workflow...
  [ComfyUI] === /validate endpoint called ===
  [ComfyUI] Received JSON with keys: ['prompt']
  [ComfyUI] Prompt has 3 nodes
  [ComfyUI] Failed to validate prompt for output 6:
  [ComfyUI]   Node 6: UniRigApplyAnimation
  [ComfyUI] * UniRigLoadRiggedMesh 8:
  [Console-error] Failed to load resource: the server responded with a status of 400 (Bad Request)
  [ComfyUI]     Inputs: {"model_fbx_path": ["8", 0], "animation_type": "mixamo", "animation_file": "Breakdance.fbx", "output_name": ""}
    Status: FAILED
    Error: Workflow validation failed
    Details: Prompt outputs failed validation
Node errors:
{
  "8": {
    "errors": [
      {
        "type": "required_input_missing",
        "message": "Required input is missing",
        "details": "fbx_file",
        "extra_info": {
          "input_name": "fbx_file"
        }
      }
    ],
    "dependent_outputs": [
      "6",
      "7"
    ],
    "class_type": "UniRigLoadRiggedMesh"
  }
}
  [ComfyUI]   - Required input is missing: fbx_file
  [ComfyUI]   Node 7: Preview3D
  [ComfyUI] Output will be ignored
  [ComfyUI]     Inputs: {"model_file": ["6", 0], "image": ""}
  [ComfyUI] Failed to validate prompt for output 7:
  [ComfyUI]   Node 8: UniRigLoadRiggedMesh
  [ComfyUI] Output will be ignored
  [ComfyUI]     Inputs: {"source_folder": "output", "refresh": "refresh"}
  [ComfyUI] Generated prompt_id: 28e81c31-c399-4abe-8beb-75f33a615bff
  [ComfyUI] Calling execution.validate_prompt()...
  [ComfyUI] Validation result: valid=False
  [ComfyUI]   Error: {'type': 'prompt_outputs_failed_validation', 'message': 'Prompt outputs failed validation', 'details': '', 'extra_info': {}}
  [ComfyUI]   Node errors: {"8": {"errors": [{"type": "required_input_missing", "message": "Required input is missing", "details": "fbx_file", "extra_info": {"input_name": "fbx_file"}}], "dependent_outputs": ["6", "7"], "class_type": "UniRigLoadRiggedMesh"}}
  [ComfyUI] === Validation FAILED ===