Capturing execution frames: rig_human_with_texture.json
  [ComfyUI] Exception in callback _ProactorBasePipeTransport._call_connection_lost()
  [ComfyUI] handle: <Handle _ProactorBasePipeTransport._call_connection_lost()>
  [ComfyUI] Traceback (most recent call last):
  [ComfyUI]   File "C:\hostedtoolcache\windows\Python\3.13.11\x64\Lib\asyncio\events.py", line 89, in _run
  [ComfyUI]     self._context.run(self._callback, *self._args)
  [ComfyUI]     ~~~~~~~~~~~~~~~~~^^^^^^^^^^^^^^^^^^^^^^^^^^^^^
  [ComfyUI]   File "C:\hostedtoolcache\windows\Python\3.13.11\x64\Lib\asyncio\proactor_events.py", line 165, in _call_connection_lost
  [ComfyUI]     self._sock.shutdown(socket.SHUT_RDWR)
  [ComfyUI]     ~~~~~~~~~~~~~~~~~~~^^^^^^^^^^^^^^^^^^
  [ComfyUI] ConnectionResetError: [WinError 10054] An existing connection was forcibly closed by the remote host
  [Console-error] Failed to load resource: the server responded with a status of 404 (Not Found)
  [Console-error] Failed to load resource: the server responded with a status of 404 (Not Found)
  [Console-error] Failed to load resource: the server responded with a status of 404 (Not Found)
  [Console-error] Failed to load resource: the server responded with a status of 404 (Not Found)
  [Console-error] Failed to load resource: the server responded with a status of 404 (Not Found)
  [Console-warning] WARNING: Multiple instances of Three.js being imported.
  [Console-warning] [MaskEditor] ComfyApp.open_maskeditor is deprecated. Plugins should migrate to using the command system or direct node context menu integration.
  [ComfyUI] Feature flags negotiated for client 0e8843c20d9c4315b154f95379bd04f1: {'supports_preview_metadata': True, 'supports_manager_v4_ui': True}
  [Console-error] Failed to load resource: the server responded with a status of 403 (Forbidden)
  [Console-error] Error loading model: zy: fetch for "http://127.0.0.1:8188/api/view?type=output&subfolder=%2Fhome%2Fubuntu%2Funirig%2FComfyUI%2Foutput&filename=rigged_human_mixamo_Breakdance.fbx" responded with 403: Forbidden
    at http://127.0.0.1:8188/assets/vendor-three-DH0o8VQ7.js:3824:114758
  [Console-warning] [.WebGL-0x68fc07db8700]GL Driver Message (OpenGL, Performance, GL_CLOSE_PATH_NV, High): GPU stall due to ReadPixels (this message will no longer repeat)
  [Console-error] Failed to load resource: the server responded with a status of 403 (Forbidden)
  [Console-error] Error loading model: zy: fetch for "http://127.0.0.1:8188/api/view?type=output&subfolder=%2Fhome%2Fubuntu%2Funirig%2FComfyUI%2Foutput&filename=rigged_human_mixamo_Breakdance.fbx" responded with 403: Forbidden
    at http://127.0.0.1:8188/assets/vendor-three-DH0o8VQ7.js:3824:114758
  [Console-warning] WebGL: INVALID_OPERATION: loseContext: context already lost
  Validating workflow...
  [ComfyUI] === /validate endpoint called ===
  [ComfyUI] Received JSON with keys: ['prompt']
  [ComfyUI] Prompt has 4 nodes
  [ComfyUI]   Node 10: UniRigPreviewRiggedMesh
  [ComfyUI]     Inputs: {"fbx_output_path": ["39", 0], "preview": ""}
  [ComfyUI]   Node 27: UniRigLoadMesh
  [ComfyUI]     Inputs: {"source_folder": "input", "file_path": "3d/realistic_male_character.glb"}
  [ComfyUI]   Node 39: UniRigAutoRig
  [ComfyUI]     Inputs: {"skeleton_template": "mixamo", "fbx_name": "", "target_face_count": 50000, "trimesh": ["27", 0], "model": ["40", 0]}
  [ComfyUI]   Node 40: UniRigLoadModel
  [ComfyUI]     Inputs: {"cache_to_gpu": false}
  [ComfyUI] Generated prompt_id: 12177cff-7d7b-4b94-a97f-1c38d8d24932
  [ComfyUI] Calling execution.validate_prompt()...
  [ComfyUI] Validation result: valid=True
  [ComfyUI] === Validation PASSED ===
  Queuing workflow for execution...
  [ComfyUI] got prompt
  [ComfyUI] Using proactor: IocpProactor
  [ComfyUI] Traceback (most recent call last):
  [ComfyUI]   File "D:\a\ComfyUI-UniRig\ComfyUI-UniRig\ComfyUI\custom_nodes\ComfyUI-UniRig\nodes\model_loaders.py", line 177, in load_model
  [ComfyUI]     task_config = _load_yaml_config(task_config_path)
  [ComfyUI]   File "D:\a\ComfyUI-UniRig\ComfyUI-UniRig\ComfyUI\custom_nodes\ComfyUI-UniRig\nodes\model_loaders.py", line 98, in _load_yaml_config
  [ComfyUI]     Box = _get_box()
  [ComfyUI]   File "D:\a\ComfyUI-UniRig\ComfyUI-UniRig\ComfyUI\custom_nodes\ComfyUI-UniRig\nodes\model_loaders.py", line 16, in _get_box
  [ComfyUI]     from box import Box
  [ComfyUI] ModuleNotFoundError: No module named 'box'
  [ComfyUI] Traceback (most recent call last):
  [ComfyUI]   File "D:\a\ComfyUI-UniRig\ComfyUI-UniRig\ComfyUI\custom_nodes\ComfyUI-UniRig\nodes\model_loaders.py", line 341, in load_model
  [ComfyUI]     task_config = _load_yaml_config(task_config_path)
  [ComfyUI]   File "D:\a\ComfyUI-UniRig\ComfyUI-UniRig\ComfyUI\custom_nodes\ComfyUI-UniRig\nodes\model_loaders.py", line 98, in _load_yaml_config
  [ComfyUI]     Box = _get_box()
  [ComfyUI]   File "D:\a\ComfyUI-UniRig\ComfyUI-UniRig\ComfyUI\custom_nodes\ComfyUI-UniRig\nodes\model_loaders.py", line 16, in _get_box
  [ComfyUI]     from box import Box
  [ComfyUI] ModuleNotFoundError: No module named 'box'
  [ComfyUI] !!! Exception during processing !!! skeleton_model checkpoint not found. Please connect a UniRigLoadSkeletonModel node.
  [ComfyUI] Traceback (most recent call last):
  [ComfyUI]   File "D:\a\ComfyUI-UniRig\ComfyUI-UniRig\ComfyUI\execution.py", line 518, in execute
  [ComfyUI] [UniRigLoadModel] Loading UniRig models...
  [ComfyUI]     output_data, output_ui, has_subgraph, has_pending_tasks = await get_output_data(prompt_id, unique_id, obj, input_data_all, execution_block_cb=execution_block_cb, pre_execute_cb=pre_execute_cb, v3_data=v3_data)
  [ComfyUI] [UniRigLoadModel] GPU caching: disabled
  [ComfyUI]                                                               ^^^^^^^^^^^^^^^^^^^^^^^^^^^^^^^^^^^^^^^^^^^^^^^^^^^^^^^^^^^^^^^^^^^^^^^^^^^^^^^^^^^^^^^^^^^^^^^^^^^^^^^^^^^^^^^^^^^^^^^^^^^^^^^^^^^^^^^^^^^^^^^^^^^^^^^
  [ComfyUI] [UniRigLoadSkeletonModel] Loading skeleton model: apozz/UniRig-safetensors
  [ComfyUI]   File "D:\a\ComfyUI-UniRig\ComfyUI-UniRig\ComfyUI\execution.py", line 329, in get_output_data
  [ComfyUI] [UniRigLoadSkeletonModel] GPU caching: disabled (will offload to CPU)
  [ComfyUI]     return_values = await _async_map_node_over_list(prompt_id, unique_id, obj, input_data_all, obj.FUNCTION, allow_interrupt=True, execution_block_cb=execution_block_cb, pre_execute_cb=pre_execute_cb, v3_data=v3_data)
  [ComfyUI] [UniRigLoadSkeletonModel] Error loading model: No module named 'box'
  [ComfyUI]                     ^^^^^^^^^^^^^^^^^^^^^^^^^^^^^^^^^^^^^^^^^^^^^^^^^^^^^^^^^^^^^^^^^^^^^^^^^^^^^^^^^^^^^^^^^^^^^^^^^^^^^^^^^^^^^^^^^^^^^^^^^^^^^^^^^^^^^^^^^^^^^^^^^^^^^^^^^^^^^^^^^^^^^^^^^^^^^^^^^^^^^^^^^^^^^^^^^^^^^
  [ComfyUI] [UniRigLoadSkinningModel] Loading skinning model: apozz/UniRig-safetensors
  [ComfyUI]   File "D:\a\ComfyUI-UniRig\ComfyUI-UniRig\ComfyUI\execution.py", line 303, in _async_map_node_over_list
  [ComfyUI] [UniRigLoadSkinningModel] GPU caching: disabled (will offload to CPU)
  [ComfyUI]     await process_inputs(input_dict, i)
  [ComfyUI] [UniRigLoadSkinningModel] Error loading model: No module named 'box'
  [ComfyUI]   File "D:\a\ComfyUI-UniRig\ComfyUI-UniRig\ComfyUI\execution.py", line 291, in process_inputs
  [ComfyUI] [UniRigLoadModel] Both models loaded successfully
  [ComfyUI]     result = f(**inputs)
  [ComfyUI] [UniRigLoadMesh] Found mesh in input folder: 3d/realistic_male_character.glb
  [ComfyUI]   File "D:\a\ComfyUI-UniRig\ComfyUI-UniRig\ComfyUI\custom_nodes\ComfyUI-UniRig\nodes\auto_rig.py", line 89, in auto_rig
  [ComfyUI] [UniRigLoadMesh] File extension detected: '.glb'
  [ComfyUI]     normalized_mesh, skeleton, texture_preview = skeleton_extractor.extract(
  [ComfyUI] [UniRigLoadMesh] Loading: D:\a\ComfyUI-UniRig\ComfyUI-UniRig\ComfyUI\input\3d/realistic_male_character.glb
  [ComfyUI]                                                  ~~~~~~~~~~~~~~~~~~~~~~~~~~^
  [ComfyUI] [UniRigLoadMesh] Loaded type: Scene
  [ComfyUI]         trimesh=trimesh,
  [ComfyUI] [UniRigLoadMesh] Scene has 7 geometries
  [ComfyUI]         ^^^^^^^^^^^^^^^^
  [ComfyUI] [UniRigLoadMesh]   Geometry 'tripo_node_d0bcade7_tripo_mat_d0bcade7_0': visual type = TextureVisuals
  [ComfyUI]     ...<3 lines>...
  [ComfyUI] [UniRigLoadMesh]     Material: PBRMaterial
  [ComfyUI]         target_face_count=target_face_count
  [ComfyUI] [UniRigLoadMesh]     Has baseColorTexture: yes
  [ComfyUI]         ^^^^^^^^^^^^^^^^^^^^^^^^^^^^^^^^^^^
  [ComfyUI] [UniRigLoadMesh]   Geometry 'tripo_node_d0bcade7_tripo_mat_d0bcade7_1': visual type = TextureVisuals
  [ComfyUI]     )
  [ComfyUI] [UniRigLoadMesh]     Material: PBRMaterial
  [ComfyUI]     ^
  [ComfyUI] [UniRigLoadMesh]     Has baseColorTexture: yes
  [ComfyUI]   File "D:\a\ComfyUI-UniRig\ComfyUI-UniRig\ComfyUI\custom_nodes\ComfyUI-UniRig\nodes\skeleton_extraction.py", line 310, in extract
  [ComfyUI] [UniRigLoadMesh]   Geometry 'tripo_node_d0bcade7_tripo_mat_d0bcade7_0_2': visual type = TextureVisuals
  [ComfyUI]     raise RuntimeError(
  [ComfyUI] [UniRigLoadMesh]     Material: PBRMaterial
  [ComfyUI]     ...<2 lines>...
  [ComfyUI] [UniRigLoadMesh]     Has baseColorTexture: yes
  [ComfyUI]     )
  [ComfyUI] [UniRigLoadMesh]   Geometry 'tripo_node_d0bcade7_tripo_mat_d0bcade7_0_3': visual type = TextureVisuals
  [ComfyUI] RuntimeError: skeleton_model checkpoint not found. Please connect a UniRigLoadSkeletonModel node.
  [ComfyUI] [UniRigLoadMesh]     Material: PBRMaterial
  [ComfyUI] 
  [ComfyUI] [UniRigLoadMesh]     Has baseColorTexture: yes
  [ComfyUI] [UniRigLoadMesh]   Geometry 'tripo_node_d0bcade7_tripo_mat_d0bcade7_0_4': visual type = TextureVisuals
  [ComfyUI] [UniRigLoadMesh]     Material: PBRMaterial
  [ComfyUI] [UniRigLoadMesh]     Has baseColorTexture: yes
  [ComfyUI] [UniRigLoadMesh]   Geometry 'tripo_node_d0bcade7_tripo_mat_d0bcade7_0_5': visual type = TextureVisuals
  [ComfyUI] [UniRigLoadMesh]     Material: PBRMaterial
  [ComfyUI] [UniRigLoadMesh]     Has baseColorTexture: yes
  [ComfyUI] [UniRigLoadMesh]   Geometry 'tripo_node_d0bcade7_tripo_mat_d0bcade7_0_6': visual type = TextureVisuals
  [ComfyUI] [UniRigLoadMesh]     Material: PBRMaterial
  [ComfyUI] [UniRigLoadMesh]     Has baseColorTexture: yes
  [ComfyUI] [UniRigLoadMesh] Converting Scene to single mesh (scene has 7 geometries)
  [ComfyUI] [UniRigLoadMesh] After dump(): visual type = TextureVisuals
  [ComfyUI] [UniRigLoadMesh] After dump(): material = PBRMaterial
  [ComfyUI] [UniRigLoadMesh] Initial mesh: 394992 vertices, 642547 faces
  [ComfyUI] [UniRigLoadMesh] Visual type: TextureVisuals
  [ComfyUI] [UniRigLoadMesh]   Has UV coords: (394992, 2)
  [ComfyUI] [UniRigLoadMesh]   Material type: PBRMaterial
  [ComfyUI] [UniRigLoadMesh]   Has baseColorTexture!
  [ComfyUI] [UniRigLoadMesh] Successfully loaded: 394992 vertices, 642547 faces
  [ComfyUI] [UniRigLoadMesh] Loaded: 394992 vertices, 642547 faces
  [ComfyUI] [UniRigAutoRig] Starting complete rigging pipeline...
  [ComfyUI] [UniRigAutoRig] Skeleton template: mixamo
  [ComfyUI] [UniRigAutoRig] Step 1/2: Extracting skeleton...
  [ComfyUI] [UniRigExtractSkeletonNew] Starting skeleton extraction (cached model only)...
  [ComfyUI] [UniRigExtractSkeletonNew] Skeleton template: mixamo
  [ComfyUI] [UniRigExtractSkeletonNew] Mixamo requested, using vroid extraction + name remapping
  [ComfyUI] Prompt executed in 1.04 seconds
  Execution error: {'prompt_id': 'c8894e90-2178-4aba-8285-89609e2f02c7', 'node_id': '39', 'node_type': 'UniRigAutoRig', 'executed': ['40', '27'], 'exception_message': 'skeleton_model checkpoint not found. Please connect a UniRigLoadSkeletonModel node.\n', 'exception_type': 'RuntimeError', 'traceback': ['  File "D:\\a\\ComfyUI-UniRig\\ComfyUI-UniRig\\ComfyUI\\execution.py", line 518, in execute\n    output_data, output_ui, has_subgraph, has_pending_tasks = await get_output_data(prompt_id, unique_id, obj, input_data_all, execution_block_cb=execution_block_cb, pre_execute_cb=pre_execute_cb, v3_data=v3_data)\n                                                              ^^^^^^^^^^^^^^^^^^^^^^^^^^^^^^^^^^^^^^^^^^^^^^^^^^^^^^^^^^^^^^^^^^^^^^^^^^^^^^^^^^^^^^^^^^^^^^^^^^^^^^^^^^^^^^^^^^^^^^^^^^^^^^^^^^^^^^^^^^^^^^^^^^^^^^^\n', '  File "D:\\a\\ComfyUI-UniRig\\ComfyUI-UniRig\\ComfyUI\\execution.py", line 329, in get_output_data\n    return_values = await _async_map_node_over_list(prompt_id, unique_id, obj, input_data_all, obj.FUNCTION, allow_interrupt=True, execution_block_cb=execution_block_cb, pre_execute_cb=pre_execute_cb, v3_data=v3_data)\n                    ^^^^^^^^^^^^^^^^^^^^^^^^^^^^^^^^^^^^^^^^^^^^^^^^^^^^^^^^^^^^^^^^^^^^^^^^^^^^^^^^^^^^^^^^^^^^^^^^^^^^^^^^^^^^^^^^^^^^^^^^^^^^^^^^^^^^^^^^^^^^^^^^^^^^^^^^^^^^^^^^^^^^^^^^^^^^^^^^^^^^^^^^^^^^^^^^^^^^^\n', '  File "D:\\a\\ComfyUI-UniRig\\ComfyUI-UniRig\\ComfyUI\\execution.py", line 303, in _async_map_node_over_list\n    await process_inputs(input_dict, i)\n', '  File "D:\\a\\ComfyUI-UniRig\\ComfyUI-UniRig\\ComfyUI\\execution.py", line 291, in process_inputs\n    result = f(**inputs)\n', '  File "D:\\a\\ComfyUI-UniRig\\ComfyUI-UniRig\\ComfyUI\\custom_nodes\\ComfyUI-UniRig\\nodes\\auto_rig.py", line 89, in auto_rig\n    normalized_mesh, skeleton, texture_preview = skeleton_extractor.extract(\n                                                 ~~~~~~~~~~~~~~~~~~~~~~~~~~^\n        trimesh=trimesh,\n        ^^^^^^^^^^^^^^^^\n    ...<3 lines>...\n        target_face_count=target_face_count\n        ^^^^^^^^^^^^^^^^^^^^^^^^^^^^^^^^^^^\n    )\n    ^\n', '  File "D:\\a\\ComfyUI-UniRig\\ComfyUI-UniRig\\ComfyUI\\custom_nodes\\ComfyUI-UniRig\\nodes\\skeleton_extraction.py", line 310, in extract\n    raise RuntimeError(\n    ...<2 lines>...\n    )\n'], 'current_inputs': {'skeleton_template': ['mixamo'], 'fbx_name': [''], 'target_face_count': [50000], 'trimesh': ['<trimesh.Trimesh(vertices.shape=(394992, 3), faces.shape=(642547, 3), name=`realistic_male_character.glb`)>'], 'model': ["{'skeleton_model': {'type': 'skeleton', 'model_id': 'apozz/UniRig-safetensors', 'task_config_path': 'D:\\\\a\\\\ComfyUI-UniRig\\\\ComfyUI-UniRig\\\\ComfyUI\\\\custom_nodes\\\\ComfyUI-UniRig\\\\nodes\\\\unirig\\\\configs/task/quick_inference_skeleton_articulationxl_ar_256.yaml', 'unirig_path': 'D:\\\\a\\\\ComfyUI-UniRig\\\\ComfyUI-UniRig\\\\ComfyUI\\\\custom_nodes\\\\ComfyUI-UniRig\\\\nodes\\\\unirig', 'models_dir': 'D:\\\\a\\\\ComfyUI-UniRig\\\\ComfyUI-UniRig\\\\ComfyUI\\\\models\\\\unirig', 'cached': False, 'model_cache_key': None}, 'skinning_model': {'type': 'skinning', 'model_id': 'apozz/UniRig-safetensors', 'task_config_path': 'D:\\\\a\\\\ComfyUI-UniRig\\\\ComfyUI-UniRig\\\\ComfyUI\\\\custom_nodes\\\\ComfyUI-UniRig\\\\nodes\\\\unirig\\\\configs/task/quick_inference_unirig_skin.yaml', 'unirig_path': 'D:\\\\a\\\\ComfyUI-UniRig\\\\ComfyUI-UniRig\\\\ComfyUI\\\\custom_nodes\\\\ComfyUI-UniRig\\\\nodes\\\\unirig', 'models_dir': 'D:\\\\a\\\\ComfyUI-UniRig\\\\ComfyUI-UniRig\\\\ComfyUI\\\\models\\\\unirig', 'cached': False, 'model_cache_key': None}, 'model_id': 'apozz/UniRig-safetensors', 'cache_to_gpu': False}"]}, 'current_outputs': ['10', '40', '39', '27'], 'timestamp': 1769793999382}
    Status: FAILED
    Error: Workflow execution failed: {'prompt_id': 'c8894e90-2178-4aba-8285-89609e2f02c7', 'node_id': '39', 'node_type': 'UniRigAutoRig', 'executed': ['40', '27'], 'exception_message': 'skeleton_model checkpoint not found. Please connect a UniRigLoadSkeletonModel node.\n', 'exception_type': 'RuntimeError', 'traceback': ['  File "D:\\a\\ComfyUI-UniRig\\ComfyUI-UniRig\\ComfyUI\\execution.py", line 518, in execute\n    output_data, output_ui, has_subgraph, has_pending_tasks = await get_output_data(prompt_id, unique_id, obj, input_data_all, execution_block_cb=execution_block_cb, pre_execute_cb=pre_execute_cb, v3_data=v3_data)\n                                                              ^^^^^^^^^^^^^^^^^^^^^^^^^^^^^^^^^^^^^^^^^^^^^^^^^^^^^^^^^^^^^^^^^^^^^^^^^^^^^^^^^^^^^^^^^^^^^^^^^^^^^^^^^^^^^^^^^^^^^^^^^^^^^^^^^^^^^^^^^^^^^^^^^^^^^^^\n', '  File "D:\\a\\ComfyUI-UniRig\\ComfyUI-UniRig\\ComfyUI\\execution.py", line 329, in get_output_data\n    return_values = await _async_map_node_over_list(prompt_id, unique_id, obj, input_data_all, obj.FUNCTION, allow_interrupt=True, execution_block_cb=execution_block_cb, pre_execute_cb=pre_execute_cb, v3_data=v3_data)\n                    ^^^^^^^^^^^^^^^^^^^^^^^^^^^^^^^^^^^^^^^^^^^^^^^^^^^^^^^^^^^^^^^^^^^^^^^^^^^^^^^^^^^^^^^^^^^^^^^^^^^^^^^^^^^^^^^^^^^^^^^^^^^^^^^^^^^^^^^^^^^^^^^^^^^^^^^^^^^^^^^^^^^^^^^^^^^^^^^^^^^^^^^^^^^^^^^^^^^^^\n', '  File "D:\\a\\ComfyUI-UniRig\\ComfyUI-UniRig\\ComfyUI\\execution.py", line 303, in _async_map_node_over_list\n    await process_inputs(input_dict, i)\n', '  File "D:\\a\\ComfyUI-UniRig\\ComfyUI-UniRig\\ComfyUI\\execution.py", line 291, in process_inputs\n    result = f(**inputs)\n', '  File "D:\\a\\ComfyUI-UniRig\\ComfyUI-UniRig\\ComfyUI\\custom_nodes\\ComfyUI-UniRig\\nodes\\auto_rig.py", line 89, in auto_rig\n    normalized_mesh, skeleton, texture_preview = skeleton_extractor.extract(\n                                                 ~~~~~~~~~~~~~~~~~~~~~~~~~~^\n        trimesh=trimesh,\n        ^^^^^^^^^^^^^^^^\n    ...<3 lines>...\n        target_face_count=target_face_count\n        ^^^^^^^^^^^^^^^^^^^^^^^^^^^^^^^^^^^\n    )\n    ^\n', '  File "D:\\a\\ComfyUI-UniRig\\ComfyUI-UniRig\\ComfyUI\\custom_nodes\\ComfyUI-UniRig\\nodes\\skeleton_extraction.py", line 310, in extract\n    raise RuntimeError(\n    ...<2 lines>...\n    )\n'], 'current_inputs': {'skeleton_template': ['mixamo'], 'fbx_name': [''], 'target_face_count': [50000], 'trimesh': ['<trimesh.Trimesh(vertices.shape=(394992, 3), faces.shape=(642547, 3), name=`realistic_male_character.glb`)>'], 'model': ["{'skeleton_model': {'type': 'skeleton', 'model_id': 'apozz/UniRig-safetensors', 'task_config_path': 'D:\\\\a\\\\ComfyUI-UniRig\\\\ComfyUI-UniRig\\\\ComfyUI\\\\custom_nodes\\\\ComfyUI-UniRig\\\\nodes\\\\unirig\\\\configs/task/quick_inference_skeleton_articulationxl_ar_256.yaml', 'unirig_path': 'D:\\\\a\\\\ComfyUI-UniRig\\\\ComfyUI-UniRig\\\\ComfyUI\\\\custom_nodes\\\\ComfyUI-UniRig\\\\nodes\\\\unirig', 'models_dir': 'D:\\\\a\\\\ComfyUI-UniRig\\\\ComfyUI-UniRig\\\\ComfyUI\\\\models\\\\unirig', 'cached': False, 'model_cache_key': None}, 'skinning_model': {'type': 'skinning', 'model_id': 'apozz/UniRig-safetensors', 'task_config_path': 'D:\\\\a\\\\ComfyUI-UniRig\\\\ComfyUI-UniRig\\\\ComfyUI\\\\custom_nodes\\\\ComfyUI-UniRig\\\\nodes\\\\unirig\\\\configs/task/quick_inference_unirig_skin.yaml', 'unirig_path': 'D:\\\\a\\\\ComfyUI-UniRig\\\\ComfyUI-UniRig\\\\ComfyUI\\\\custom_nodes\\\\ComfyUI-UniRig\\\\nodes\\\\unirig', 'models_dir': 'D:\\\\a\\\\ComfyUI-UniRig\\\\ComfyUI-UniRig\\\\ComfyUI\\\\models\\\\unirig', 'cached': False, 'model_cache_key': None}, 'model_id': 'apozz/UniRig-safetensors', 'cache_to_gpu': False}"]}, 'current_outputs': ['10', '40', '39', '27'], 'timestamp': 1769793999382}
    Details: Workflow: D:\a\ComfyUI-UniRig\ComfyUI-UniRig\ComfyUI\custom_nodes\ComfyUI-UniRig\workflows\rig_human_with_texture.json
Node error: UniRigAutoRig