[Console-error] Failed to load resource: the server responded with a status of 404 (Not Found)
[Console-error] Failed to load resource: the server responded with a status of 404 (Not Found)
[Console-error] Failed to load resource: the server responded with a status of 404 (Not Found)
[Console-error] Failed to load resource: the server responded with a status of 404 (Not Found)
[Console-error] Failed to load resource: the server responded with a status of 404 (Not Found)
[Console-log] [VTK Bundle] GLTFImporter included in bundle
[Console-warning] WARNING: Multiple instances of Three.js being imported.
[Console-log] [FBX Preview] Auto-registering for all known FBX preview node types...
[Console-log] [UniRig] Loading FBX mesh preview extension...
[Console-log] [UniRig] Detected extension folder: ComfyUI-UniRig
[Console-log] [UniRig] FBX mesh preview extension registered
[Console-log] [SAM3DBody] Loading FBX mesh preview extension...
[Console-log] [SAM3DBody] Detected extension folder: ComfyUI-UniRig
[Console-log] [SAM3DBody] FBX mesh preview extension registered
[Console-log] [MotionCapture] Loading FBX mesh preview extension...
[Console-log] [MotionCapture] Detected extension folder: ComfyUI-UniRig
[Console-log] [MotionCapture] FBX mesh preview extension registered
[Console-log] [MotionCapture] Loading FBX mesh preview extension...
[Console-log] [MotionCapture] Detected extension folder: ComfyUI-UniRig
[Console-log] [MotionCapture] FBX mesh preview extension registered
[Console-log] [UniRig Debug] Loading FBX mesh preview extension...
[Console-log] [UniRig Debug] Detected extension folder: ComfyUI-UniRig
[Console-log] [UniRig Debug] FBX mesh preview extension registered
[Console-log] [CompareSMPLBVH] Loading Compare SMPL BVH extension
[Console-log] [CompareSMPLBVH] Loading Compare SMPL BVH extension...
[Console-log] [CompareSMPLBVH] Extension registered: comfy3d.comparesmplbvh
[Console-log] [UniRig Compare] Loading compare skeleton widget...
[Console-log] [UniRig Compare] Detected extension folder: ComfyUI-UniRig
[Console-log] [UniRig Compare] Compare skeleton widget registered
[Console-log] [GeomPack] Loading VTK.js bounding box preview extension...
[Console-log] [GeomPack] VTK.js bounding box preview extension registered
[Console-log] [SMPL] Loading SMPL Viewer extension
[Console-log] [SMPLViewer] Extension registered: comfy3d.smplviewer
[Console-log] [FBXAnimationViewer] Loading FBX Animation Viewer extension
[Console-log] [FBXAnimationViewer] Loading FBX Animation Viewer extension...
[Console-log] [FBXAnimationViewer] Extension registered: comfy3d.fbxanimationviewer
[Console-log] [BVHViewer] Loading BVH Viewer extension
[Console-log] [BVHViewer] Loading BVH viewer extension...
[Console-log] [BVHViewer] Extension registered: comfy3d.bvhviewer
[Console-log] [GeomPack Gaussian] Loading extension...
[Console-log] [GeomPack] Loading mesh preview extension...
[Console-log] [GeomPack] Mesh preview extension registered
[Console-log] [MHR] Loading MHR Viewer extension
[Console-log] [MHRViewer] Extension registered: comfy3d.mhrviewer
[Console-log] [GeomPack] Loading VTK.js textured mesh preview extension...
[Console-log] [GeomPack] VTK.js textured mesh preview extension registered
[Console-log] [FileListUpdater] Loading File List Updater extension
[Console-log] [FileListUpdater] Extension registered
[Console-log] [GeomPack] Loading UV mesh preview extension...
[Console-log] [GeomPack] UV mesh preview extension registered
[Console-log] [GeomPack Multi JS] Loading mesh_preview_multi.js extension
[Console-log] [DynamicWidgets] Loading extension...
[Console-log] [DynamicWidgets] Extension registered
[Console-warning] [MaskEditor] ComfyApp.open_maskeditor is deprecated. Plugins should migrate to using the command system or direct node context menu integration.
[Console-log] [DynamicWidgets] Loaded mappings for 6 nodes
[Console-log] [GeomPack] Registering Preview Mesh node
[Console-log] [GeomPack] Registering Preview Mesh UV node
[Console-log] [GeomPack Gaussian] Registering Preview Gaussian node
[Console-log] [UniRig] Registering Preview Rigged Mesh node
[Console-log] [UniRig Debug] Registering Preview Rigged Mesh node
[Console-log] [UniRig Compare] Registering Compare Skeletons node
[Console-error] Failed to load resource: the server responded with a status of 403 (Forbidden)
[Console-error] Error loading model: zy: fetch for "http://localhost:8188/api/view?type=output&subfolder=%2Fhome%2Fubuntu%2Funirig%2FComfyUI%2Foutput&filename=rigged_human_mixamo_Breakdance.fbx" responded with 403: Forbidden
    at http://localhost:8188/assets/vendor-three-DH0o8VQ7.js:3824:114758
[Console-warning] [.WebGL-0x71bc0b744600]GL Driver Message (OpenGL, Performance, GL_CLOSE_PATH_NV, High): GPU stall due to ReadPixels (this message will no longer repeat)
[Console-error] Failed to load resource: the server responded with a status of 403 (Forbidden)
[Console-error] Error loading model: zy: fetch for "http://localhost:8188/api/view?type=output&subfolder=%2Fhome%2Fubuntu%2Funirig%2FComfyUI%2Foutput&filename=rigged_human_mixamo_Breakdance.fbx" responded with 403: Forbidden
    at http://localhost:8188/assets/vendor-three-DH0o8VQ7.js:3824:114758
[Console-warning] WebGL: INVALID_OPERATION: loseContext: context already lost
[Console-log] [UniRig] Node created, adding FBX viewer widget
[Console-log] [UniRig] Setting iframe src to: /extensions/ComfyUI-UniRig/viewer_fbx.html?v=1769793985128
[Console-log] [UniRig] Widget created: DOMWidgetImpl
[Console-log] [FBX Viewer] Three.js bundle loaded from: http://localhost:8188/extensions/ComfyUI-UniRig/three/viewer-bundle.js
[Console-log] [FBX Viewer] Initializing...
[Console-log] [FBX Viewer] Ready
[Console-log] [UniRig] Viewer iframe is ready!
[Console-log] [UniRig] Iframe loaded successfully
[Console-error] Failed to load resource: the server responded with a status of 405 (Method Not Allowed)