[00:00] Crash dump logging enabled: /home/runner/work/ComfyUI-UniRig/ComfyUI-UniRig/.comfy-test/crash_dump.log
[00:00] 
[00:00] [1/7] SYNTAX
[00:00] ----------------------------------------
[00:00] Found pyproject.toml (modern format)
[00:00] Found requirements.txt (legacy format)
[00:00] Unicode check: OK (all characters cp1252-safe)
[00:00] [SYNTAX] PASSED
[00:00] 
[00:00] [2/7] INSTALL
[00:00] ----------------------------------------
[00:00] Setting up ComfyUI...
[00:00] Cloning ComfyUI (latest)...
[00:00] Running: git clone --depth 1 https://github.com/comfyanonymous/ComfyUI.git /tmp/comfy_test_9n3k8vsy/ComfyUI
[00:00] Installing ComfyUI requirements...
[00:00] Running: uv pip install --system -r /tmp/comfy_test_9n3k8vsy/ComfyUI/requirements.txt
[00:39] Installing custom node...
[00:39] Linking ComfyUI-UniRig to custom_nodes/...
[00:39] Installing node requirements...
[00:39] Running: uv pip install --system -r /home/runner/work/ComfyUI-UniRig/ComfyUI-UniRig/requirements.txt
[00:43] Running install.py...
[00:43] Running: /opt/hostedtoolcache/Python/3.13.11/x64/bin/python /home/runner/work/ComfyUI-UniRig/ComfyUI-UniRig/install.py
[01:53]   [apt] Installing 2 system package(s):
[01:53]     - libgl1-mesa-glx
[01:53]     - libglu1-mesa
[01:53]   [apt] Updating package lists...
[01:53]   [apt] Installing packages...
[01:53]     [apt] Skipped libgl1-mesa-glx (not available)
[01:53]     [apt] Installed libglu1-mesa
[01:53]   [apt] Installed 1 package(s)
[01:53]   [apt] Skipped 1 unavailable package(s)
[01:53]   
[01:53]   Installing 1 node dependencies...
[01:53]     Cloning ComfyUI-GeometryPack from https://github.com/PozzettiAndrea/ComfyUI-GeometryPack...
[01:53]     Running install.py for ComfyUI-GeometryPack...
[01:53]   
[01:53]   Installing via pixi:
[01:53]     PyPI packages: 4
[01:53]   Installing apt packages: ['libgl1-mesa-glx', 'libglu1-mesa']
[01:53]   Pixi not found, downloading...
[01:53]   Installed pixi to: /home/runner/.local/bin/pixi
[01:53]   Generated /home/runner/work/ComfyUI-UniRig/ComfyUI-UniRig/pixi.toml
[01:53]   Running pixi install...
[01:53]   pixi install failed:
[01:53]   Error:   × failed to solve the pypi requirements of environment 'default' for platform 'linux-64'
[01:53]     ├─▶ failed to resolve pypi dependencies
[01:53]     ╰─▶ Because igl was not found in the package registry and you require igl, we can conclude that your requirements are unsatisfiable.
[01:53] Command failed with code 1
[01:53] stderr: Traceback (most recent call last):
  File "/home/runner/work/ComfyUI-UniRig/ComfyUI-UniRig/install.py", line 2, in <module>
    install()
    ~~~~~~~^^
  File "/opt/hostedtoolcache/Python/3.13.11/x64/lib/python3.13/site-packages/comfy_env/install.py", line 71, in install
    _install_via_pixi(cfg, node_dir, log, dry_run)
    ~~~~~~~~~~~~~~~~~^^^^^^^^^^^^^^^^^^^^^^^^^^^^^
  File "/opt/hostedtoolcache/Python/3.13.11/x64/lib/python3.13/site-packages/comfy_env/install.py", line 291, in _install_via_pixi
    pixi_install(cfg, node_dir, log)
    ~~~~~~~~~~~~^^^^^^^^^^^^^^^^^^^^
  File "/opt/hostedtoolcache/Python/3.13.11/x64/lib/python3.13/site-packages/comfy_env/pixi/core.py", line 311, in pixi_install
    raise RuntimeError(f"pixi install failed: {result.stderr}")
RuntimeError: pixi install failed: Error:   × failed to solve the pypi requirements of environment 'default' for platform 'linux-64'
  ├─▶ failed to resolve pypi dependencies
  ╰─▶ Because igl was not found in the package registry and you require igl, we can conclude that your requirements are unsatisfiable.



[01:53] 
linux: FAILED (unexpected error)
[01:53] Error: Command '['/opt/hostedtoolcache/Python/3.13.11/x64/bin/python', '/home/runner/work/ComfyUI-UniRig/ComfyUI-UniRig/install.py']' returned non-zero exit status 1.
